{"name": "Validar dar click en los links", "status": "broken", "statusDetails": {"message": "selenium.common.exceptions.TimeoutException: Message: \nStacktrace:\nBacktrace:\n\tGetHandleVerifier [0x00007FF78D7C4A62+57106]\n\t(No symbol) [0x00007FF78D73CF52]\n\t(No symbol) [0x00007FF78D60E2CB]\n\t(No symbol) [0x00007FF78D64786E]\n\t(No symbol) [0x00007FF78D64795C]\n\t(No symbol) [0x00007FF78D680477]\n\t(No symbol) [0x00007FF78D6669FF]\n\t(No symbol) [0x00007FF78D67E522]\n\t(No symbol) [0x00007FF78D666793]\n\t(No symbol) [0x00007FF78D63CE81]\n\t(No symbol) [0x00007FF78D63E064]\n\tGetHandleVerifier [0x00007FF78DA74222+2873042]\n\tGetHandleVerifier [0x00007FF78DAC6590+3209792]\n\tGetHandleVerifier [0x00007FF78DABF3AF+3180639]\n\tGetHandleVerifier [0x00007FF78D855F25+652245]\n\t(No symbol) [0x00007FF78D748618]\n\t(No symbol) [0x00007FF78D7447C4]\n\t(No symbol) [0x00007FF78D7448BC]\n\t(No symbol) [0x00007FF78D734C33]\n\tBaseThreadInitThunk [0x00007FFA63507614+20]\n\tRtlUserThreadStart [0x00007FFA63AA26F1+33]\n\n", "trace": "  File \"C:\\Users\\Kevin\\OneDrive\\Documents\\demoqa_gherking\\venv\\Lib\\site-packages\\behave\\model.py\", line 1329, in run\n    match.run(runner.context)\n  File \"C:\\Users\\Kevin\\OneDrive\\Documents\\demoqa_gherking\\venv\\Lib\\site-packages\\behave\\matchers.py\", line 98, in run\n    self.func(context, *args, **kwargs)\n  File \"features\\steps\\def_Dynamic_properties.py\", line 9, in step_impl\n    Basepage.click_button(context, pagedynamic.btn_dynamic)\n  File \"C:\\Users\\Kevin\\OneDrive\\Documents\\demoqa_gherking\\helper\\services\\acciones_basicas.py\", line 15, in click_button\n    WebDriverWait(self.browser, 10).until(\n  File \"C:\\Users\\Kevin\\OneDrive\\Documents\\demoqa_gherking\\venv\\Lib\\site-packages\\selenium\\webdriver\\support\\wait.py\", line 95, in until\n    raise TimeoutException(message, screen, stacktrace)\n"}, "steps": [{"name": "Given Ingresamos a la url \"URL_QA\"", "status": "passed", "start": 1692043385466, "stop": 1692043386309}, {"name": "When cargue la pagina, damos click al boton \"Elements\"", "status": "passed", "start": 1692043386309, "stop": 1692043390489}, {"name": "And damos click al boton \"Dynamic properties\"", "status": "broken", "statusDetails": {"message": "selenium.common.exceptions.TimeoutException: Message: \nStacktrace:\nBacktrace:\n\tGetHandleVerifier [0x00007FF78D7C4A62+57106]\n\t(No symbol) [0x00007FF78D73CF52]\n\t(No symbol) [0x00007FF78D60E2CB]\n\t(No symbol) [0x00007FF78D64786E]\n\t(No symbol) [0x00007FF78D64795C]\n\t(No symbol) [0x00007FF78D680477]\n\t(No symbol) [0x00007FF78D6669FF]\n\t(No symbol) [0x00007FF78D67E522]\n\t(No symbol) [0x00007FF78D666793]\n\t(No symbol) [0x00007FF78D63CE81]\n\t(No symbol) [0x00007FF78D63E064]\n\tGetHandleVerifier [0x00007FF78DA74222+2873042]\n\tGetHandleVerifier [0x00007FF78DAC6590+3209792]\n\tGetHandleVerifier [0x00007FF78DABF3AF+3180639]\n\tGetHandleVerifier [0x00007FF78D855F25+652245]\n\t(No symbol) [0x00007FF78D748618]\n\t(No symbol) [0x00007FF78D7447C4]\n\t(No symbol) [0x00007FF78D7448BC]\n\t(No symbol) [0x00007FF78D734C33]\n\tBaseThreadInitThunk [0x00007FFA63507614+20]\n\tRtlUserThreadStart [0x00007FFA63AA26F1+33]\n\n", "trace": "  File \"C:\\Users\\Kevin\\OneDrive\\Documents\\demoqa_gherking\\venv\\Lib\\site-packages\\behave\\model.py\", line 1329, in run\n    match.run(runner.context)\n  File \"C:\\Users\\Kevin\\OneDrive\\Documents\\demoqa_gherking\\venv\\Lib\\site-packages\\behave\\matchers.py\", line 98, in run\n    self.func(context, *args, **kwargs)\n  File \"features\\steps\\def_Dynamic_properties.py\", line 9, in step_impl\n    Basepage.click_button(context, pagedynamic.btn_dynamic)\n  File \"C:\\Users\\Kevin\\OneDrive\\Documents\\demoqa_gherking\\helper\\services\\acciones_basicas.py\", line 15, in click_button\n    WebDriverWait(self.browser, 10).until(\n  File \"C:\\Users\\Kevin\\OneDrive\\Documents\\demoqa_gherking\\venv\\Lib\\site-packages\\selenium\\webdriver\\support\\wait.py\", line 95, in until\n    raise TimeoutException(message, screen, stacktrace)\n"}, "start": 1692043390489, "stop": 1692043400732}, {"name": "And damos click al boton \"color change\"", "status": "skipped", "start": 1692043400732, "stop": 1692043400732}, {"name": "And esperaremos 5 segundos hasta que el boton 'will enable 5 seconds sea visible y daremos click'", "status": "broken", "statusDetails": {"message": "\nYou can implement step definitions for undefined steps with these snippets:\n\n@when(u'esperaremos 5 segundos hasta que el boton \\'will enable 5 seconds sea visible y daremos click\\'')\ndef step_impl(context):\n    raise NotImplementedError(u'STEP: When esperaremos 5 segundos hasta que el boton \\'will enable 5 seconds sea visible y daremos click\\'')\n\n"}, "start": 1692043400732, "stop": 1692043400732}, {"name": "And damos click en el boton \"visible after 5 seconds\" despues de 5 segundos", "status": "skipped", "start": 1692043400732, "stop": 1692043400732}, {"name": "Then Validamos que al dar click en los botones el cortono cambie", "status": "skipped", "start": 1692043400732, "stop": 1692043400732}], "start": 1692043385465, "stop": 1692043400732, "uuid": "e063fd57-ed03-4957-94a8-7b1f89e6df95", "historyId": "060d61c679304eff2b36d816c2e8a1d5", "fullName": "Validamos escenario Dynamic_properties: Validar dar click en los links", "labels": [{"name": "severity", "value": "normal"}, {"name": "tag", "value": "Elements_Dynamic_properties"}, {"name": "feature", "value": "Validamos escenario Dynamic_properties"}, {"name": "framework", "value": "behave"}, {"name": "language", "value": "cpython3"}]}