{"name": "Validar que se envien los datos del formulario, editar datos del formulario, eliminar datos del formulario", "status": "broken", "statusDetails": {"message": "selenium.common.exceptions.TimeoutException: Message: \nStacktrace:\nBacktrace:\n\tGetHandleVerifier [0x00007FF78D7C4A62+57106]\n\t(No symbol) [0x00007FF78D73CF52]\n\t(No symbol) [0x00007FF78D60E2CB]\n\t(No symbol) [0x00007FF78D64786E]\n\t(No symbol) [0x00007FF78D64795C]\n\t(No symbol) [0x00007FF78D680477]\n\t(No symbol) [0x00007FF78D6669FF]\n\t(No symbol) [0x00007FF78D67E522]\n\t(No symbol) [0x00007FF78D666793]\n\t(No symbol) [0x00007FF78D63CE81]\n\t(No symbol) [0x00007FF78D63E064]\n\tGetHandleVerifier [0x00007FF78DA74222+2873042]\n\tGetHandleVerifier [0x00007FF78DAC6590+3209792]\n\tGetHandleVerifier [0x00007FF78DABF3AF+3180639]\n\tGetHandleVerifier [0x00007FF78D855F25+652245]\n\t(No symbol) [0x00007FF78D748618]\n\t(No symbol) [0x00007FF78D7447C4]\n\t(No symbol) [0x00007FF78D7448BC]\n\t(No symbol) [0x00007FF78D734C33]\n\tBaseThreadInitThunk [0x00007FFA63507614+20]\n\tRtlUserThreadStart [0x00007FFA63AA26F1+33]\n\n", "trace": "  File \"C:\\Users\\Kevin\\OneDrive\\Documents\\demoqa_gherking\\venv\\Lib\\site-packages\\behave\\model.py\", line 1329, in run\n    match.run(runner.context)\n  File \"C:\\Users\\Kevin\\OneDrive\\Documents\\demoqa_gherking\\venv\\Lib\\site-packages\\behave\\matchers.py\", line 98, in run\n    self.func(context, *args, **kwargs)\n  File \"features\\steps\\def_web_tables.py\", line 16, in step_impl\n    Basepage.click_button(context, Pagewetable.add)\n  File \"C:\\Users\\Kevin\\OneDrive\\Documents\\demoqa_gherking\\helper\\services\\acciones_basicas.py\", line 15, in click_button\n    WebDriverWait(self.browser, 10).until(\n  File \"C:\\Users\\Kevin\\OneDrive\\Documents\\demoqa_gherking\\venv\\Lib\\site-packages\\selenium\\webdriver\\support\\wait.py\", line 95, in until\n    raise TimeoutException(message, screen, stacktrace)\n"}, "steps": [{"name": "Given Ingresamos a la url \"URL_QA\"", "status": "passed", "start": 1692043476860, "stop": 1692043477627}, {"name": "When cargue la pagina, damos click al boton \"Elements\"", "status": "passed", "start": 1692043477628, "stop": 1692043480938}, {"name": "And damos click al boton \"web tables\"", "status": "passed", "start": 1692043480938, "stop": 1692043484040}, {"name": "And daremos click en el boton 'add'", "status": "broken", "statusDetails": {"message": "selenium.common.exceptions.TimeoutException: Message: \nStacktrace:\nBacktrace:\n\tGetHandleVerifier [0x00007FF78D7C4A62+57106]\n\t(No symbol) [0x00007FF78D73CF52]\n\t(No symbol) [0x00007FF78D60E2CB]\n\t(No symbol) [0x00007FF78D64786E]\n\t(No symbol) [0x00007FF78D64795C]\n\t(No symbol) [0x00007FF78D680477]\n\t(No symbol) [0x00007FF78D6669FF]\n\t(No symbol) [0x00007FF78D67E522]\n\t(No symbol) [0x00007FF78D666793]\n\t(No symbol) [0x00007FF78D63CE81]\n\t(No symbol) [0x00007FF78D63E064]\n\tGetHandleVerifier [0x00007FF78DA74222+2873042]\n\tGetHandleVerifier [0x00007FF78DAC6590+3209792]\n\tGetHandleVerifier [0x00007FF78DABF3AF+3180639]\n\tGetHandleVerifier [0x00007FF78D855F25+652245]\n\t(No symbol) [0x00007FF78D748618]\n\t(No symbol) [0x00007FF78D7447C4]\n\t(No symbol) [0x00007FF78D7448BC]\n\t(No symbol) [0x00007FF78D734C33]\n\tBaseThreadInitThunk [0x00007FFA63507614+20]\n\tRtlUserThreadStart [0x00007FFA63AA26F1+33]\n\n", "trace": "  File \"C:\\Users\\Kevin\\OneDrive\\Documents\\demoqa_gherking\\venv\\Lib\\site-packages\\behave\\model.py\", line 1329, in run\n    match.run(runner.context)\n  File \"C:\\Users\\Kevin\\OneDrive\\Documents\\demoqa_gherking\\venv\\Lib\\site-packages\\behave\\matchers.py\", line 98, in run\n    self.func(context, *args, **kwargs)\n  File \"features\\steps\\def_web_tables.py\", line 16, in step_impl\n    Basepage.click_button(context, Pagewetable.add)\n  File \"C:\\Users\\Kevin\\OneDrive\\Documents\\demoqa_gherking\\helper\\services\\acciones_basicas.py\", line 15, in click_button\n    WebDriverWait(self.browser, 10).until(\n  File \"C:\\Users\\Kevin\\OneDrive\\Documents\\demoqa_gherking\\venv\\Lib\\site-packages\\selenium\\webdriver\\support\\wait.py\", line 95, in until\n    raise TimeoutException(message, screen, stacktrace)\n"}, "start": 1692043484040, "stop": 1692043494288}, {"name": "And ingresamos los datos del formulario del usuario", "status": "skipped", "start": 1692043494288, "stop": 1692043494288}, {"name": "And daremos click en el boton \"submit\"", "status": "skipped", "start": 1692043494288, "stop": 1692043494288}, {"name": "And daremos click en el espacio de busqueda", "status": "skipped", "start": 1692043494288, "stop": 1692043494288}, {"name": "And ingresamos el nombre que asignamos al guarda los datos del formulario", "status": "skipped", "start": 1692043494288, "stop": 1692043494288}, {"name": "And daremos click en el boton editar", "status": "skipped", "start": 1692043494288, "stop": 1692043494288}, {"name": "And editaremos el formulario", "status": "skipped", "start": 1692043494288, "stop": 1692043494288}, {"name": "And daremos click en el submit", "status": "skipped", "start": 1692043494288, "stop": 1692043494288}, {"name": "And daremos click en el boton eliminar", "status": "skipped", "start": 1692043494288, "stop": 1692043494288}, {"name": "Then Validamos que se envien los datos del formulario y que tambien se editen y se eliminen", "status": "skipped", "start": 1692043494288, "stop": 1692043494288}], "start": 1692043476860, "stop": 1692043494288, "uuid": "d1798a6d-c70b-4509-83ef-4c9b7ae0c881", "historyId": "1d8e2bc636304aeb5776a576eb6c17ad", "fullName": "Validamos escenario radio button: Validar que se envien los datos del formulario, editar datos del formulario, eliminar datos del formulario", "labels": [{"name": "severity", "value": "normal"}, {"name": "tag", "value": "Elements_web_tables"}, {"name": "feature", "value": "Validamos escenario radio button"}, {"name": "framework", "value": "behave"}, {"name": "language", "value": "cpython3"}]}