{"name": "Validar enviar los datos del formulario correctamente del modulo Text Box -- @1.2 ", "status": "broken", "statusDetails": {"message": "selenium.common.exceptions.TimeoutException: Message: \nStacktrace:\nBacktrace:\n\tGetHandleVerifier [0x00007FF78D7C4A62+57106]\n\t(No symbol) [0x00007FF78D73CF52]\n\t(No symbol) [0x00007FF78D60E2CB]\n\t(No symbol) [0x00007FF78D64786E]\n\t(No symbol) [0x00007FF78D64795C]\n\t(No symbol) [0x00007FF78D680477]\n\t(No symbol) [0x00007FF78D6669FF]\n\t(No symbol) [0x00007FF78D67E522]\n\t(No symbol) [0x00007FF78D666793]\n\t(No symbol) [0x00007FF78D63CE81]\n\t(No symbol) [0x00007FF78D63E064]\n\tGetHandleVerifier [0x00007FF78DA74222+2873042]\n\tGetHandleVerifier [0x00007FF78DAC6590+3209792]\n\tGetHandleVerifier [0x00007FF78DABF3AF+3180639]\n\tGetHandleVerifier [0x00007FF78D855F25+652245]\n\t(No symbol) [0x00007FF78D748618]\n\t(No symbol) [0x00007FF78D7447C4]\n\t(No symbol) [0x00007FF78D7448BC]\n\t(No symbol) [0x00007FF78D734C33]\n\tBaseThreadInitThunk [0x00007FFA63507614+20]\n\tRtlUserThreadStart [0x00007FFA63AA26F1+33]\n\n", "trace": "  File \"C:\\Users\\Kevin\\OneDrive\\Documents\\demoqa_gherking\\venv\\Lib\\site-packages\\behave\\model.py\", line 1329, in run\n    match.run(runner.context)\n  File \"C:\\Users\\Kevin\\OneDrive\\Documents\\demoqa_gherking\\venv\\Lib\\site-packages\\behave\\matchers.py\", line 98, in run\n    self.func(context, *args, **kwargs)\n  File \"features\\steps\\def_text_box.py\", line 13, in step_impl\n    Basepage.click_button(context, pageTextBox.btn_text_box)\n  File \"C:\\Users\\Kevin\\OneDrive\\Documents\\demoqa_gherking\\helper\\services\\acciones_basicas.py\", line 15, in click_button\n    WebDriverWait(self.browser, 10).until(\n  File \"C:\\Users\\Kevin\\OneDrive\\Documents\\demoqa_gherking\\venv\\Lib\\site-packages\\selenium\\webdriver\\support\\wait.py\", line 95, in until\n    raise TimeoutException(message, screen, stacktrace)\n"}, "steps": [{"name": "Given Ingresamos a la url \"URL_QA\"", "status": "passed", "start": 1692043441407, "stop": 1692043442155}, {"name": "When cargue la pagina, damos click al boton \"Elements\"", "status": "passed", "start": 1692043442156, "stop": 1692043446396}, {"name": "And damos click al boton \"Text Box\"", "status": "broken", "statusDetails": {"message": "selenium.common.exceptions.TimeoutException: Message: \nStacktrace:\nBacktrace:\n\tGetHandleVerifier [0x00007FF78D7C4A62+57106]\n\t(No symbol) [0x00007FF78D73CF52]\n\t(No symbol) [0x00007FF78D60E2CB]\n\t(No symbol) [0x00007FF78D64786E]\n\t(No symbol) [0x00007FF78D64795C]\n\t(No symbol) [0x00007FF78D680477]\n\t(No symbol) [0x00007FF78D6669FF]\n\t(No symbol) [0x00007FF78D67E522]\n\t(No symbol) [0x00007FF78D666793]\n\t(No symbol) [0x00007FF78D63CE81]\n\t(No symbol) [0x00007FF78D63E064]\n\tGetHandleVerifier [0x00007FF78DA74222+2873042]\n\tGetHandleVerifier [0x00007FF78DAC6590+3209792]\n\tGetHandleVerifier [0x00007FF78DABF3AF+3180639]\n\tGetHandleVerifier [0x00007FF78D855F25+652245]\n\t(No symbol) [0x00007FF78D748618]\n\t(No symbol) [0x00007FF78D7447C4]\n\t(No symbol) [0x00007FF78D7448BC]\n\t(No symbol) [0x00007FF78D734C33]\n\tBaseThreadInitThunk [0x00007FFA63507614+20]\n\tRtlUserThreadStart [0x00007FFA63AA26F1+33]\n\n", "trace": "  File \"C:\\Users\\Kevin\\OneDrive\\Documents\\demoqa_gherking\\venv\\Lib\\site-packages\\behave\\model.py\", line 1329, in run\n    match.run(runner.context)\n  File \"C:\\Users\\Kevin\\OneDrive\\Documents\\demoqa_gherking\\venv\\Lib\\site-packages\\behave\\matchers.py\", line 98, in run\n    self.func(context, *args, **kwargs)\n  File \"features\\steps\\def_text_box.py\", line 13, in step_impl\n    Basepage.click_button(context, pageTextBox.btn_text_box)\n  File \"C:\\Users\\Kevin\\OneDrive\\Documents\\demoqa_gherking\\helper\\services\\acciones_basicas.py\", line 15, in click_button\n    WebDriverWait(self.browser, 10).until(\n  File \"C:\\Users\\Kevin\\OneDrive\\Documents\\demoqa_gherking\\venv\\Lib\\site-packages\\selenium\\webdriver\\support\\wait.py\", line 95, in until\n    raise TimeoutException(message, screen, stacktrace)\n"}, "start": 1692043446396, "stop": 1692043456634}, {"name": "And ingresamos los datos del formulario del usuario \"Luis\"", "status": "skipped", "start": 1692043456634, "stop": 1692043456634}, {"name": "Then validamos que se envien los datos del formulario correctamente", "status": "skipped", "start": 1692043456634, "stop": 1692043456634}], "parameters": [{"name": "user", "value": "Luis"}], "start": 1692043441406, "stop": 1692043456634, "uuid": "dc71ec4e-e895-466e-ab82-d9667750493a", "historyId": "319d28dd6c1bee7ae44adc33daebcf89", "fullName": "Validamos escenario text box: Validar enviar los datos del formulario correctamente del modulo Text Box", "labels": [{"name": "severity", "value": "normal"}, {"name": "tag", "value": "Elements_text_box"}, {"name": "tag", "value": "test_text_box_1"}, {"name": "feature", "value": "Validamos escenario text box"}, {"name": "framework", "value": "behave"}, {"name": "language", "value": "cpython3"}]}