{"name": "Validar dar click en los links", "status": "broken", "statusDetails": {"message": "selenium.common.exceptions.TimeoutException: Message: \nStacktrace:\nBacktrace:\n\tGetHandleVerifier [0x00007FF78D7C4A62+57106]\n\t(No symbol) [0x00007FF78D73CF52]\n\t(No symbol) [0x00007FF78D60E2CB]\n\t(No symbol) [0x00007FF78D64786E]\n\t(No symbol) [0x00007FF78D64795C]\n\t(No symbol) [0x00007FF78D680477]\n\t(No symbol) [0x00007FF78D6669FF]\n\t(No symbol) [0x00007FF78D67E522]\n\t(No symbol) [0x00007FF78D666793]\n\t(No symbol) [0x00007FF78D63CE81]\n\t(No symbol) [0x00007FF78D63E064]\n\tGetHandleVerifier [0x00007FF78DA74222+2873042]\n\tGetHandleVerifier [0x00007FF78DAC6590+3209792]\n\tGetHandleVerifier [0x00007FF78DABF3AF+3180639]\n\tGetHandleVerifier [0x00007FF78D855F25+652245]\n\t(No symbol) [0x00007FF78D748618]\n\t(No symbol) [0x00007FF78D7447C4]\n\t(No symbol) [0x00007FF78D7448BC]\n\t(No symbol) [0x00007FF78D734C33]\n\tBaseThreadInitThunk [0x00007FFA63507614+20]\n\tRtlUserThreadStart [0x00007FFA63AA26F1+33]\n\n", "trace": "  File \"C:\\Users\\Kevin\\OneDrive\\Documents\\demoqa_gherking\\venv\\Lib\\site-packages\\behave\\model.py\", line 1329, in run\n    match.run(runner.context)\n  File \"C:\\Users\\Kevin\\OneDrive\\Documents\\demoqa_gherking\\venv\\Lib\\site-packages\\behave\\matchers.py\", line 98, in run\n    self.func(context, *args, **kwargs)\n  File \"features\\steps\\def_links.py\", line 19, in step_impl\n    Basepage.click_button(context, linksbuttons.message)\n  File \"C:\\Users\\Kevin\\OneDrive\\Documents\\demoqa_gherking\\helper\\services\\acciones_basicas.py\", line 15, in click_button\n    WebDriverWait(self.browser, 10).until(\n  File \"C:\\Users\\Kevin\\OneDrive\\Documents\\demoqa_gherking\\venv\\Lib\\site-packages\\selenium\\webdriver\\support\\wait.py\", line 95, in until\n    raise TimeoutException(message, screen, stacktrace)\n"}, "steps": [{"name": "Given Ingresamos a la url \"URL_QA\"", "status": "passed", "start": 1692043400732, "stop": 1692043401468}, {"name": "When cargue la pagina, damos click al boton \"Elements\"", "status": "passed", "start": 1692043401468, "stop": 1692043404760}, {"name": "And damos click al boton \"Links\"", "status": "passed", "start": 1692043404760, "stop": 1692043405868}, {"name": "And daremos click a todos los links", "status": "passed", "start": 1692043405868, "stop": 1692043405868}, {"name": "Then Validaremos el mensaje de la consola despues de a ver dado click en los links", "status": "broken", "statusDetails": {"message": "selenium.common.exceptions.TimeoutException: Message: \nStacktrace:\nBacktrace:\n\tGetHandleVerifier [0x00007FF78D7C4A62+57106]\n\t(No symbol) [0x00007FF78D73CF52]\n\t(No symbol) [0x00007FF78D60E2CB]\n\t(No symbol) [0x00007FF78D64786E]\n\t(No symbol) [0x00007FF78D64795C]\n\t(No symbol) [0x00007FF78D680477]\n\t(No symbol) [0x00007FF78D6669FF]\n\t(No symbol) [0x00007FF78D67E522]\n\t(No symbol) [0x00007FF78D666793]\n\t(No symbol) [0x00007FF78D63CE81]\n\t(No symbol) [0x00007FF78D63E064]\n\tGetHandleVerifier [0x00007FF78DA74222+2873042]\n\tGetHandleVerifier [0x00007FF78DAC6590+3209792]\n\tGetHandleVerifier [0x00007FF78DABF3AF+3180639]\n\tGetHandleVerifier [0x00007FF78D855F25+652245]\n\t(No symbol) [0x00007FF78D748618]\n\t(No symbol) [0x00007FF78D7447C4]\n\t(No symbol) [0x00007FF78D7448BC]\n\t(No symbol) [0x00007FF78D734C33]\n\tBaseThreadInitThunk [0x00007FFA63507614+20]\n\tRtlUserThreadStart [0x00007FFA63AA26F1+33]\n\n", "trace": "  File \"C:\\Users\\Kevin\\OneDrive\\Documents\\demoqa_gherking\\venv\\Lib\\site-packages\\behave\\model.py\", line 1329, in run\n    match.run(runner.context)\n  File \"C:\\Users\\Kevin\\OneDrive\\Documents\\demoqa_gherking\\venv\\Lib\\site-packages\\behave\\matchers.py\", line 98, in run\n    self.func(context, *args, **kwargs)\n  File \"features\\steps\\def_links.py\", line 19, in step_impl\n    Basepage.click_button(context, linksbuttons.message)\n  File \"C:\\Users\\Kevin\\OneDrive\\Documents\\demoqa_gherking\\helper\\services\\acciones_basicas.py\", line 15, in click_button\n    WebDriverWait(self.browser, 10).until(\n  File \"C:\\Users\\Kevin\\OneDrive\\Documents\\demoqa_gherking\\venv\\Lib\\site-packages\\selenium\\webdriver\\support\\wait.py\", line 95, in until\n    raise TimeoutException(message, screen, stacktrace)\n"}, "start": 1692043405868, "stop": 1692043416127}], "start": 1692043400732, "stop": 1692043416127, "uuid": "c208e522-a1a9-467f-941b-b228bfdc6b1a", "historyId": "c3e13832012e3c031376f2300c5c1f6a", "fullName": "Validamos escenario Links: Validar dar click en los links", "labels": [{"name": "severity", "value": "normal"}, {"name": "tag", "value": "Elements_Links"}, {"name": "feature", "value": "Validamos escenario Links"}, {"name": "framework", "value": "behave"}, {"name": "language", "value": "cpython3"}]}