{"name": "Validar las check boxes de la pestaña check box", "status": "broken", "statusDetails": {"message": "selenium.common.exceptions.TimeoutException: Message: \nStacktrace:\nBacktrace:\n\tGetHandleVerifier [0x00007FF78D7C4A62+57106]\n\t(No symbol) [0x00007FF78D73CF52]\n\t(No symbol) [0x00007FF78D60E2CB]\n\t(No symbol) [0x00007FF78D64786E]\n\t(No symbol) [0x00007FF78D64795C]\n\t(No symbol) [0x00007FF78D680477]\n\t(No symbol) [0x00007FF78D6669FF]\n\t(No symbol) [0x00007FF78D67E522]\n\t(No symbol) [0x00007FF78D666793]\n\t(No symbol) [0x00007FF78D63CE81]\n\t(No symbol) [0x00007FF78D63E064]\n\tGetHandleVerifier [0x00007FF78DA74222+2873042]\n\tGetHandleVerifier [0x00007FF78DAC6590+3209792]\n\tGetHandleVerifier [0x00007FF78DABF3AF+3180639]\n\tGetHandleVerifier [0x00007FF78D855F25+652245]\n\t(No symbol) [0x00007FF78D748618]\n\t(No symbol) [0x00007FF78D7447C4]\n\t(No symbol) [0x00007FF78D7448BC]\n\t(No symbol) [0x00007FF78D734C33]\n\tBaseThreadInitThunk [0x00007FFA63507614+20]\n\tRtlUserThreadStart [0x00007FFA63AA26F1+33]\n\n", "trace": "  File \"C:\\Users\\Kevin\\OneDrive\\Documents\\demoqa_gherking\\venv\\Lib\\site-packages\\behave\\model.py\", line 1329, in run\n    match.run(runner.context)\n  File \"C:\\Users\\Kevin\\OneDrive\\Documents\\demoqa_gherking\\venv\\Lib\\site-packages\\behave\\matchers.py\", line 98, in run\n    self.func(context, *args, **kwargs)\n  File \"features\\steps\\def_check_box.py\", line 10, in step_impl\n    Basepage.click_button(context, Pagecheckbox.btn_check_box)\n  File \"C:\\Users\\Kevin\\OneDrive\\Documents\\demoqa_gherking\\helper\\services\\acciones_basicas.py\", line 15, in click_button\n    WebDriverWait(self.browser, 10).until(\n  File \"C:\\Users\\Kevin\\OneDrive\\Documents\\demoqa_gherking\\venv\\Lib\\site-packages\\selenium\\webdriver\\support\\wait.py\", line 95, in until\n    raise TimeoutException(message, screen, stacktrace)\n"}, "steps": [{"name": "Given Ingresamos a la url \"URL_QA\"", "status": "passed", "start": 1692043371076, "stop": 1692043371791}, {"name": "When cargue la pagina, damos click al boton \"Elements\"", "status": "passed", "start": 1692043371791, "stop": 1692043375197}, {"name": "And damos click al boton \"check box\"", "status": "broken", "statusDetails": {"message": "selenium.common.exceptions.TimeoutException: Message: \nStacktrace:\nBacktrace:\n\tGetHandleVerifier [0x00007FF78D7C4A62+57106]\n\t(No symbol) [0x00007FF78D73CF52]\n\t(No symbol) [0x00007FF78D60E2CB]\n\t(No symbol) [0x00007FF78D64786E]\n\t(No symbol) [0x00007FF78D64795C]\n\t(No symbol) [0x00007FF78D680477]\n\t(No symbol) [0x00007FF78D6669FF]\n\t(No symbol) [0x00007FF78D67E522]\n\t(No symbol) [0x00007FF78D666793]\n\t(No symbol) [0x00007FF78D63CE81]\n\t(No symbol) [0x00007FF78D63E064]\n\tGetHandleVerifier [0x00007FF78DA74222+2873042]\n\tGetHandleVerifier [0x00007FF78DAC6590+3209792]\n\tGetHandleVerifier [0x00007FF78DABF3AF+3180639]\n\tGetHandleVerifier [0x00007FF78D855F25+652245]\n\t(No symbol) [0x00007FF78D748618]\n\t(No symbol) [0x00007FF78D7447C4]\n\t(No symbol) [0x00007FF78D7448BC]\n\t(No symbol) [0x00007FF78D734C33]\n\tBaseThreadInitThunk [0x00007FFA63507614+20]\n\tRtlUserThreadStart [0x00007FFA63AA26F1+33]\n\n", "trace": "  File \"C:\\Users\\Kevin\\OneDrive\\Documents\\demoqa_gherking\\venv\\Lib\\site-packages\\behave\\model.py\", line 1329, in run\n    match.run(runner.context)\n  File \"C:\\Users\\Kevin\\OneDrive\\Documents\\demoqa_gherking\\venv\\Lib\\site-packages\\behave\\matchers.py\", line 98, in run\n    self.func(context, *args, **kwargs)\n  File \"features\\steps\\def_check_box.py\", line 10, in step_impl\n    Basepage.click_button(context, Pagecheckbox.btn_check_box)\n  File \"C:\\Users\\Kevin\\OneDrive\\Documents\\demoqa_gherking\\helper\\services\\acciones_basicas.py\", line 15, in click_button\n    WebDriverWait(self.browser, 10).until(\n  File \"C:\\Users\\Kevin\\OneDrive\\Documents\\demoqa_gherking\\venv\\Lib\\site-packages\\selenium\\webdriver\\support\\wait.py\", line 95, in until\n    raise TimeoutException(message, screen, stacktrace)\n"}, "start": 1692043375197, "stop": 1692043385460}, {"name": "And damos clic en boton \"+\"", "status": "skipped", "start": 1692043385462, "stop": 1692043385462}, {"name": "And damos click a las check box", "status": "skipped", "start": 1692043385462, "stop": 1692043385462}, {"name": "And damos clic en el boton \"-\"", "status": "skipped", "start": 1692043385462, "stop": 1692043385462}, {"name": "Then Validamos que al dar click en las check box estas se muestren seleccionadas", "status": "skipped", "start": 1692043385462, "stop": 1692043385462}], "start": 1692043371013, "stop": 1692043385462, "uuid": "b1b6c0fe-1fb6-475b-b133-bfa1afbbd2f3", "historyId": "50cc517f84ec62af5cbc5c07ead5ad1e", "fullName": "Validamos escenario check box: Validar las check boxes de la pestaña check box", "labels": [{"name": "severity", "value": "normal"}, {"name": "tag", "value": "Elements_check_box"}, {"name": "feature", "value": "Validamos escenario check box"}, {"name": "framework", "value": "behave"}, {"name": "language", "value": "cpython3"}]}